(0000) 3000  0011000000000000 (   1)                 .ORIG x3000
(3000) A007  1010000000000111 (   3)                 LDI   R0 X
(3001) A207  1010001000000111 (   4)                 LDI   R1 Y
(3002) 480A  0100100000001010 (   6)                 JSR   MULTIPLY
(3003) B606  1011011000000110 (   7)                 STI   R3 prod
(3004) 4828  0100100000101000 (   9)                 JSR   DIVIDE
(3005) B405  1011010000000101 (  10)                 STI   R2 quot
(3006) B605  1011011000000101 (  11)                 STI   R3 mod
(3007) F025  1111000000100101 (  13)                 TRAP  x25
(3008) 3100  0011000100000000 (  15) X               .FILL x3100
(3009) 3101  0011000100000001 (  16) Y               .FILL x3101
(300A) 3102  0011000100000010 (  17) prod            .FILL x3102
(300B) 3103  0011000100000011 (  18) quot            .FILL x3103
(300C) 3104  0011000100000100 (  19) mod             .FILL x3104
(300D) 54A0  0101010010100000 (  22) MULTIPLY        AND   R2 R2 #0
(300E) 14A1  0001010010100001 (  23)                 ADD   R2 R2 #1
(300F) 56E0  0101011011100000 (  24)                 AND   R3 R3 #0
(3010) 301A  0011000000011010 (  26)                 ST    R0 saveX
(3011) 321A  0011001000011010 (  27)                 ST    R1 saveY
(3012) 1020  0001000000100000 (  29)                 ADD   R0 R0 #0
(3013) 0604  0000011000000100 (  30)                 BRZP  negX
(3014) 9A3F  1001101000111111 (  31)                 NOT   R5 R0
(3015) 1B61  0001101101100001 (  32)                 ADD   R5 R5 #1
(3016) 96FF  1001011011111111 (  33)                 NOT   R3 R3
(3017) 16E1  0001011011100001 (  34)                 ADD   R3 R3 #1
(3018) 1260  0001001001100000 (  36) negX            ADD   R1 R1 #0
(3019) 0604  0000011000000100 (  37)                 BRZP  negY
(301A) 9C7F  1001110001111111 (  38)                 NOT   R6 R1
(301B) 1DA1  0001110110100001 (  39)                 ADD   R6 R6 #1
(301C) 96FF  1001011011111111 (  40)                 NOT   R3 R3
(301D) 16E1  0001011011100001 (  41)                 ADD   R3 R3 #1
(301E) 1260  0001001001100000 (  43) negY            ADD   R1 R1 #0
(301F) 1260  0001001001100000 (  45) loopM           ADD   R1 R1 #0
(3020) 0403  0000010000000011 (  46)                 BRZ   stop
(3021) 16C0  0001011011000000 (  47)                 ADD   R3 R3 R0
(3022) 127F  0001001001111111 (  48)                 ADD   R1 R1 #-1
(3023) 0FFB  0000111111111011 (  49)                 BRNZP loopM
(3024) 14A0  0001010010100000 (  51) stop            ADD   R2 R2 #0
(3025) 0202  0000001000000010 (  52)                 BRP   done
(3026) 96FF  1001011011111111 (  53)                 NOT   R3 R3
(3027) 16E1  0001011011100001 (  54)                 ADD   R3 R3 #1
(3028) 2002  0010000000000010 (  56) done            LD    R0 saveX
(3029) 2202  0010001000000010 (  57)                 LD    R1 saveY
(302A) C1C0  1100000111000000 (  58)                 RET   
(302B) 0000  0000000000000000 (  60) saveX           .FILL x0000
(302C) 0000  0000000000000000 (  61) saveY           .FILL x0000
(302D) 54A0  0101010010100000 (  63) DIVIDE          AND   R2 R2 #0
(302E) 56E0  0101011011100000 (  64)                 AND   R3 R3 #0
(302F) 5920  0101100100100000 (  65)                 AND   R4 R4 #0
(3030) 5B60  0101101101100000 (  66)                 AND   R5 R5 #0
(3031) 1020  0001000000100000 (  68)                 ADD   R0 R0 #0
(3032) 0201  0000001000000001 (  69)                 BRP   zero
(3033) C1C0  1100000111000000 (  70)                 RET   
(3034) 1260  0001001001100000 (  72) zero            ADD   R1 R1 #0
(3035) 0201  0000001000000001 (  73)                 BRP   next
(3036) C1C0  1100000111000000 (  74)                 RET   
(3037) 1921  0001100100100001 (  76) next            ADD   R4 R4 #1
(3038) 1B40  0001101101000000 (  77)                 ADD   R5 R5 R0
(3039) 927F  1001001001111111 (  78)                 NOT   R1 R1
(303A) 1261  0001001001100001 (  79)                 ADD   R1 R1 #1
(303B) 1D41  0001110101000001 (  81) loopd           ADD   R6 R5 R1
(303C) 09EB  0000100111101011 (  82)                 BRN   done
(303D) 1B41  0001101101000001 (  83)                 ADD   R5 R5 R1
(303E) 14A1  0001010010100001 (  84)                 ADD   R2 R2 #1
(303F) 1760  0001011101100000 (  85)                 ADD   R3 R5 #0
(3040) 0FFA  0000111111111010 (  86)                 BRNZP loopd
(3041) C1C0  1100000111000000 (  87)                 RET   
