(0000) 3000  0011000000000000 (  21)                 .ORIG x3000
(3000) A67D  1010011001111101 (  23)                 LDI   R3 MONTH
(3001) A87D  1010100001111101 (  24)                 LDI   R4 DAY
(3002) AA7D  1010101001111101 (  25)                 LDI   R5 YEAR
(3003) 4885  0100100010000101 (  27)                 JSR   COMPUTE_M
(3004) 4895  0100100010010101 (  28)                 JSR   COMPUTE_D
(3005) 48A0  0100100010100000 (  29)                 JSR   COMPUTE_C
(3006) 1D20  0001110100100000 (  31)                 ADD   R6 R4 #0
(3007) A47A  1010010001111010 (  33)                 LDI   R2 M
(3008) 14BF  0001010010111111 (  34)                 ADD   R2 R2 #-1
(3009) 5260  0101001001100000 (  35)                 AND   R1 R1 #0
(300A) 126D  0001001001101101 (  36)                 ADD   R1 R1 #13
(300B) 48A6  0100100010100110 (  37)                 JSR   MULTIPLY
(300C) A278  1010001001111000 (  39)                 LDI   R1 X_MUL_Y
(300D) 54A0  0101010010100000 (  40)                 AND   R2 R2 #0
(300E) 14A5  0001010010100101 (  41)                 ADD   R2 R2 #5
(300F) 48C2  0100100011000010 (  42)                 JSR   DIVIDE
(3010) A275  1010001001110101 (  44)                 LDI   R1 X_DIV_Y
(3011) 1D81  0001110110000001 (  45)                 ADD   R6 R6 R1
(3012) A270  1010001001110000 (  47)                 LDI   R1 D
(3013) 1D81  0001110110000001 (  48)                 ADD   R6 R6 R1
(3014) 54A0  0101010010100000 (  50)                 AND   R2 R2 #0
(3015) 14A4  0001010010100100 (  51)                 ADD   R2 R2 #4
(3016) 48BB  0100100010111011 (  52)                 JSR   DIVIDE
(3017) A26E  1010001001101110 (  53)                 LDI   R1 X_DIV_Y
(3018) 1D81  0001110110000001 (  54)                 ADD   R6 R6 R1
(3019) A26A  1010001001101010 (  56)                 LDI   R1 C
(301A) 54A0  0101010010100000 (  57)                 AND   R2 R2 #0
(301B) 14A4  0001010010100100 (  58)                 ADD   R2 R2 #4
(301C) 48B5  0100100010110101 (  59)                 JSR   DIVIDE
(301D) A268  1010001001101000 (  61)                 LDI   R1 X_DIV_Y
(301E) 1D81  0001110110000001 (  62)                 ADD   R6 R6 R1
(301F) A264  1010001001100100 (  65)                 LDI   R1 C
(3020) 54A0  0101010010100000 (  66)                 AND   R2 R2 #0
(3021) 14A2  0001010010100010 (  67)                 ADD   R2 R2 #2
(3022) 488F  0100100010001111 (  68)                 JSR   MULTIPLY
(3023) A261  1010001001100001 (  70)                 LDI   R1 X_MUL_Y
(3024) 1D81  0001110110000001 (  71)                 ADD   R6 R6 R1
(3025) A05B  1010000001011011 (  73)                 LDI   R0 DAY_OF_THE_WEEK
(3026) 13A0  0001001110100000 (  74)                 ADD   R1 R6 #0
(3027) 54A0  0101010010100000 (  75)                 AND   R2 R2 #0
(3028) 14A7  0001010010100111 (  76)                 ADD   R2 R2 #7
(3029) 48BD  0100100010111101 (  77)                 JSR   MOD
(302A) A25C  1010001001011100 (  79)                 LDI   R1 X_MOD_Y
(302B) 54A0  0101010010100000 (  80)                 AND   R2 R2 #0
(302C) 14A9  0001010010101001 (  81)                 ADD   R2 R2 #9
(302D) 4884  0100100010000100 (  82)                 JSR   MULTIPLY
(302E) A256  1010001001010110 (  83)                 LDI   R1 X_MUL_Y
(302F) 1001  0001000000000001 (  84)                 ADD   R0 R0 R1
(3030) F022  1111000000100010 (  85)                 TRAP  x22
(3031) F025  1111000000100101 (  86)                 TRAP  x25
(3032) E005  1110000000000101 (  89)                 LEA   R0 DAYS
(3033) 102A  0001000000101010 (  90) LOOP            ADD   R0 R0 #10
(3034) 16FF  0001011011111111 (  91)                 ADD   R3 R3 #-1
(3035) 0FFD  0000111111111101 (  92)                 BRNZP LOOP
(3036) F022  1111000000100010 (  94)                 TRAP  x22
(3037) F025  1111000000100101 (  95)                 TRAP  x25
(3038) 0053  0000000001010011 (  97) DAYS            .FILL x0053
(3039) 0075  0000000001110101 (  97)                 .FILL x0075
(303A) 006E  0000000001101110 (  97)                 .FILL x006E
(303B) 0064  0000000001100100 (  97)                 .FILL x0064
(303C) 0061  0000000001100001 (  97)                 .FILL x0061
(303D) 0079  0000000001111001 (  97)                 .FILL x0079
(303E) 0020  0000000000100000 (  97)                 .FILL x0020
(303F) 0020  0000000000100000 (  97)                 .FILL x0020
(3040) 0020  0000000000100000 (  97)                 .FILL x0020
(3041) 0000  0000000000000000 (  97)                 .FILL x0000
(3042) 004D  0000000001001101 (  98)                 .FILL x004D
(3043) 006F  0000000001101111 (  98)                 .FILL x006F
(3044) 006E  0000000001101110 (  98)                 .FILL x006E
(3045) 0064  0000000001100100 (  98)                 .FILL x0064
(3046) 0061  0000000001100001 (  98)                 .FILL x0061
(3047) 0079  0000000001111001 (  98)                 .FILL x0079
(3048) 0020  0000000000100000 (  98)                 .FILL x0020
(3049) 0020  0000000000100000 (  98)                 .FILL x0020
(304A) 0020  0000000000100000 (  98)                 .FILL x0020
(304B) 0000  0000000000000000 (  98)                 .FILL x0000
(304C) 0054  0000000001010100 (  99)                 .FILL x0054
(304D) 0075  0000000001110101 (  99)                 .FILL x0075
(304E) 0065  0000000001100101 (  99)                 .FILL x0065
(304F) 0073  0000000001110011 (  99)                 .FILL x0073
(3050) 0064  0000000001100100 (  99)                 .FILL x0064
(3051) 0061  0000000001100001 (  99)                 .FILL x0061
(3052) 0079  0000000001111001 (  99)                 .FILL x0079
(3053) 0020  0000000000100000 (  99)                 .FILL x0020
(3054) 0020  0000000000100000 (  99)                 .FILL x0020
(3055) 0000  0000000000000000 (  99)                 .FILL x0000
(3056) 0057  0000000001010111 ( 100)                 .FILL x0057
(3057) 0065  0000000001100101 ( 100)                 .FILL x0065
(3058) 0064  0000000001100100 ( 100)                 .FILL x0064
(3059) 006E  0000000001101110 ( 100)                 .FILL x006E
(305A) 0065  0000000001100101 ( 100)                 .FILL x0065
(305B) 0073  0000000001110011 ( 100)                 .FILL x0073
(305C) 0064  0000000001100100 ( 100)                 .FILL x0064
(305D) 0061  0000000001100001 ( 100)                 .FILL x0061
(305E) 0079  0000000001111001 ( 100)                 .FILL x0079
(305F) 0000  0000000000000000 ( 100)                 .FILL x0000
(3060) 0054  0000000001010100 ( 101)                 .FILL x0054
(3061) 0068  0000000001101000 ( 101)                 .FILL x0068
(3062) 0075  0000000001110101 ( 101)                 .FILL x0075
(3063) 0072  0000000001110010 ( 101)                 .FILL x0072
(3064) 0073  0000000001110011 ( 101)                 .FILL x0073
(3065) 0064  0000000001100100 ( 101)                 .FILL x0064
(3066) 0061  0000000001100001 ( 101)                 .FILL x0061
(3067) 0079  0000000001111001 ( 101)                 .FILL x0079
(3068) 0020  0000000000100000 ( 101)                 .FILL x0020
(3069) 0000  0000000000000000 ( 101)                 .FILL x0000
(306A) 0046  0000000001000110 ( 102)                 .FILL x0046
(306B) 0072  0000000001110010 ( 102)                 .FILL x0072
(306C) 0069  0000000001101001 ( 102)                 .FILL x0069
(306D) 0064  0000000001100100 ( 102)                 .FILL x0064
(306E) 0061  0000000001100001 ( 102)                 .FILL x0061
(306F) 0079  0000000001111001 ( 102)                 .FILL x0079
(3070) 0020  0000000000100000 ( 102)                 .FILL x0020
(3071) 0020  0000000000100000 ( 102)                 .FILL x0020
(3072) 0020  0000000000100000 ( 102)                 .FILL x0020
(3073) 0000  0000000000000000 ( 102)                 .FILL x0000
(3074) 0053  0000000001010011 ( 103)                 .FILL x0053
(3075) 0061  0000000001100001 ( 103)                 .FILL x0061
(3076) 0074  0000000001110100 ( 103)                 .FILL x0074
(3077) 0075  0000000001110101 ( 103)                 .FILL x0075
(3078) 0072  0000000001110010 ( 103)                 .FILL x0072
(3079) 0064  0000000001100100 ( 103)                 .FILL x0064
(307A) 0061  0000000001100001 ( 103)                 .FILL x0061
(307B) 0079  0000000001111001 ( 103)                 .FILL x0079
(307C) 0020  0000000000100000 ( 103)                 .FILL x0020
(307D) 0000  0000000000000000 ( 103)                 .FILL x0000
(307E) 31F0  0011000111110000 ( 105) MONTH           .FILL x31F0
(307F) 31F1  0011000111110001 ( 106) DAY             .FILL x31F1
(3080) 31F2  0011000111110010 ( 107) YEAR            .FILL x31F2
(3081) 31F3  0011000111110011 ( 108) DAY_OF_THE_WEEK .FILL x31F3
(3082) 3100  0011000100000000 ( 109) M               .FILL x3100
(3083) 3101  0011000100000001 ( 110) D               .FILL x3101
(3084) 3102  0011000100000010 ( 111) C               .FILL x3102
(3085) 3103  0011000100000011 ( 112) X_MUL_Y         .FILL x3103
(3086) 3104  0011000100000100 ( 113) X_DIV_Y         .FILL x3104
(3087) 3105  0011000100000101 ( 114) X_MOD_Y         .FILL x3105
(3088) 0064  0000000001100100 ( 115) N_100           .FILL x0064
(3089) B27D  1011001001111101 ( 119) COMPUTE_M       STI   R1 SAVE_R1
(308A) B47D  1011010001111101 ( 120)                 STI   R2 SAVE_R2
(308B) B67D  1011011001111101 ( 121)                 STI   R3 SAVE_R3
(308C) A3F1  1010001111110001 ( 123)                 LDI   R1 MONTH
(308D) 1660  0001011001100000 ( 124)                 ADD   R3 R1 #0
(308E) 54A0  0101010010100000 ( 125)                 AND   R2 R2 #0
(308F) 14BE  0001010010111110 ( 126)                 ADD   R2 R2 #-2
(3090) 1242  0001001001000010 ( 127)                 ADD   R1 R1 R2
(3091) 0202  0000001000000010 ( 128)                 BRP   MONTH_GET_2
(3092) 16EC  0001011011101100 ( 129)                 ADD   R3 R3 #12
(3093) 0E02  0000111000000010 ( 130)                 BRNZP x3096
(3094) 16E0  0001011011100000 ( 131) MONTH_GET_2     ADD   R3 R3 #0
(3095) B7EC  1011011111101100 ( 132)                 STI   R3 M
(3096) A270  1010001001110000 ( 133)                 LDI   R1 SAVE_R1
(3097) A470  1010010001110000 ( 134)                 LDI   R2 SAVE_R2
(3098) A670  1010011001110000 ( 135)                 LDI   R3 SAVE_R3
(3099) C1C0  1100000111000000 ( 136)                 RET   
(309A) B26C  1011001001101100 ( 139) COMPUTE_D       STI   R1 SAVE_R1
(309B) B46C  1011010001101100 ( 140)                 STI   R2 SAVE_R2
(309C) B66C  1011011001101100 ( 141)                 STI   R3 SAVE_R3
(309D) A3E2  1010001111100010 ( 143)                 LDI   R1 YEAR
(309E) 25E9  0010010111101001 ( 144)                 LD    R2 N_100
(309F) 4847  0100100001000111 ( 145)                 JSR   MOD
(30A0) A7E6  1010011111100110 ( 146)                 LDI   R3 X_MOD_Y
(30A1) B7E1  1011011111100001 ( 147)                 STI   R3 D
(30A2) A264  1010001001100100 ( 148)                 LDI   R1 SAVE_R1
(30A3) A464  1010010001100100 ( 149)                 LDI   R2 SAVE_R2
(30A4) A664  1010011001100100 ( 150)                 LDI   R3 SAVE_R3
(30A5) C1C0  1100000111000000 ( 151)                 RET   
(30A6) B260  1011001001100000 ( 154) COMPUTE_C       STI   R1 SAVE_R1
(30A7) B460  1011010001100000 ( 155)                 STI   R2 SAVE_R2
(30A8) B660  1011011001100000 ( 156)                 STI   R3 SAVE_R3
(30A9) A3D6  1010001111010110 ( 158)                 LDI   R1 YEAR
(30AA) 25DD  0010010111011101 ( 159)                 LD    R2 N_100
(30AB) 4826  0100100000100110 ( 160)                 JSR   DIVIDE
(30AC) A7D9  1010011111011001 ( 161)                 LDI   R3 X_DIV_Y
(30AD) B7D6  1011011111010110 ( 162)                 STI   R3 C
(30AE) A258  1010001001011000 ( 163)                 LDI   R1 SAVE_R1
(30AF) A458  1010010001011000 ( 164)                 LDI   R2 SAVE_R2
(30B0) A658  1010011001011000 ( 165)                 LDI   R3 SAVE_R3
(30B1) C1C0  1100000111000000 ( 166)                 RET   
(30B2) 54A0  0101010010100000 ( 169) MULTIPLY        AND   R2 R2 #0
(30B3) 14A1  0001010010100001 ( 170)                 ADD   R2 R2 #1
(30B4) 56E0  0101011011100000 ( 171)                 AND   R3 R3 #0
(30B5) 301A  0011000000011010 ( 173)                 ST    R0 saveX
(30B6) 321A  0011001000011010 ( 174)                 ST    R1 saveY
(30B7) 1020  0001000000100000 ( 176)                 ADD   R0 R0 #0
(30B8) 0604  0000011000000100 ( 177)                 BRZP  negX
(30B9) 9A3F  1001101000111111 ( 178)                 NOT   R5 R0
(30BA) 1B61  0001101101100001 ( 179)                 ADD   R5 R5 #1
(30BB) 96FF  1001011011111111 ( 180)                 NOT   R3 R3
(30BC) 16E1  0001011011100001 ( 181)                 ADD   R3 R3 #1
(30BD) 1260  0001001001100000 ( 183) negX            ADD   R1 R1 #0
(30BE) 0604  0000011000000100 ( 184)                 BRZP  negY
(30BF) 9C7F  1001110001111111 ( 185)                 NOT   R6 R1
(30C0) 1DA1  0001110110100001 ( 186)                 ADD   R6 R6 #1
(30C1) 96FF  1001011011111111 ( 187)                 NOT   R3 R3
(30C2) 16E1  0001011011100001 ( 188)                 ADD   R3 R3 #1
(30C3) 1260  0001001001100000 ( 190) negY            ADD   R1 R1 #0
(30C4) 1260  0001001001100000 ( 192) loopM           ADD   R1 R1 #0
(30C5) 0403  0000010000000011 ( 193)                 BRZ   stop
(30C6) 16C0  0001011011000000 ( 194)                 ADD   R3 R3 R0
(30C7) 127F  0001001001111111 ( 195)                 ADD   R1 R1 #-1
(30C8) 0FFB  0000111111111011 ( 196)                 BRNZP loopM
(30C9) 14A0  0001010010100000 ( 198) stop            ADD   R2 R2 #0
(30CA) 0202  0000001000000010 ( 199)                 BRP   done
(30CB) 96FF  1001011011111111 ( 200)                 NOT   R3 R3
(30CC) 16E1  0001011011100001 ( 201)                 ADD   R3 R3 #1
(30CD) 2002  0010000000000010 ( 203) done            LD    R0 saveX
(30CE) 2202  0010001000000010 ( 204)                 LD    R1 saveY
(30CF) C1C0  1100000111000000 ( 205)                 RET   
(30D0) 0000  0000000000000000 ( 207) saveX           .FILL x0000
(30D1) 0000  0000000000000000 ( 208) saveY           .FILL x0000
(30D2) 54A0  0101010010100000 ( 210) DIVIDE          AND   R2 R2 #0
(30D3) 56E0  0101011011100000 ( 211)                 AND   R3 R3 #0
(30D4) 5920  0101100100100000 ( 212)                 AND   R4 R4 #0
(30D5) 5B60  0101101101100000 ( 213)                 AND   R5 R5 #0
(30D6) 1020  0001000000100000 ( 215)                 ADD   R0 R0 #0
(30D7) 0201  0000001000000001 ( 216)                 BRP   zero
(30D8) C1C0  1100000111000000 ( 217)                 RET   
(30D9) 1260  0001001001100000 ( 219) zero            ADD   R1 R1 #0
(30DA) 0201  0000001000000001 ( 220)                 BRP   next
(30DB) C1C0  1100000111000000 ( 221)                 RET   
(30DC) 1921  0001100100100001 ( 223) next            ADD   R4 R4 #1
(30DD) 1B40  0001101101000000 ( 224)                 ADD   R5 R5 R0
(30DE) 927F  1001001001111111 ( 225)                 NOT   R1 R1
(30DF) 1261  0001001001100001 ( 226)                 ADD   R1 R1 #1
(30E0) 1D41  0001110101000001 ( 228) loopD           ADD   R6 R5 R1
(30E1) 09EB  0000100111101011 ( 229)                 BRN   done
(30E2) 1B41  0001101101000001 ( 230)                 ADD   R5 R5 R1
(30E3) 14A1  0001010010100001 ( 231)                 ADD   R2 R2 #1
(30E4) 1760  0001011101100000 ( 232)                 ADD   R3 R5 #0
(30E5) 0FFA  0000111111111010 ( 233)                 BRNZP loopD
(30E6) C1C0  1100000111000000 ( 234)                 RET   
(30E7) B21F  1011001000011111 ( 236) MOD             STI   R1 SAVE_R1
(30E8) B41F  1011010000011111 ( 237)                 STI   R2 SAVE_R2
(30E9) B61F  1011011000011111 ( 238)                 STI   R3 SAVE_R3
(30EA) B81F  1011100000011111 ( 239)                 STI   R4 SAVE_R4
(30EB) BA1F  1011101000011111 ( 240)                 STI   R5 SAVE_R5
(30EC) 5B60  0101101101100000 ( 242)                 AND   R5 R5 #0
(30ED) 1260  0001001001100000 ( 243)                 ADD   R1 R1 #0
(30EE) 0801  0000100000000001 ( 244)                 BRN   X_NEG_3
(30EF) 0E03  0000111000000011 ( 245)                 BRNZP x30F3
(30F0) 927F  1001001001111111 ( 246) X_NEG_3         NOT   R1 R1
(30F1) 1261  0001001001100001 ( 247)                 ADD   R1 R1 #1
(30F2) 9B7F  1001101101111111 ( 248)                 NOT   R5 R5
(30F3) 14A0  0001010010100000 ( 249)                 ADD   R2 R2 #0
(30F4) 0801  0000100000000001 ( 250)                 BRN   Y_NEG_3
(30F5) 0E03  0000111000000011 ( 251)                 BRNZP x30F9
(30F6) 94BF  1001010010111111 ( 252) Y_NEG_3         NOT   R2 R2
(30F7) 14A1  0001010010100001 ( 253)                 ADD   R2 R2 #1
(30F8) 9B7F  1001101101111111 ( 254)                 NOT   R5 R5
(30F9) 96BF  1001011010111111 ( 255)                 NOT   R3 R2
(30FA) 16E1  0001011011100001 ( 256)                 ADD   R3 R3 #1
(30FB) 1860  0001100001100000 ( 257)                 ADD   R4 R1 #0
(30FC) 1243  0001001001000011 ( 258) MOD_REPEAT      ADD   R1 R1 R3
(30FD) 0C02  0000110000000010 ( 259)                 BRNZ  x3100
(30FE) 1903  0001100100000011 ( 260)                 ADD   R4 R4 R3
(30FF) 0FFC  0000111111111100 ( 261)                 BRNZP MOD_REPEAT
(3100) B986  1011100110000110 ( 262)                 STI   R4 X_MOD_Y
(3101) A205  1010001000000101 ( 263)                 LDI   R1 SAVE_R1
(3102) A405  1010010000000101 ( 264)                 LDI   R2 SAVE_R2
(3103) A605  1010011000000101 ( 265)                 LDI   R3 SAVE_R3
(3104) A805  1010100000000101 ( 266)                 LDI   R4 SAVE_R4
(3105) AA05  1010101000000101 ( 267)                 LDI   R5 SAVE_R5
(3106) C1C0  1100000111000000 ( 268)                 RET   
(3107) 3500  0011010100000000 ( 271) SAVE_R1         .FILL x3500
(3108) 3501  0011010100000001 ( 272) SAVE_R2         .FILL x3501
(3109) 3502  0011010100000010 ( 273) SAVE_R3         .FILL x3502
(310A) 3503  0011010100000011 ( 274) SAVE_R4         .FILL x3503
(310B) 3504  0011010100000100 ( 275) SAVE_R5         .FILL x3504
(310C) 3505  0011010100000101 ( 276) SAVE_R7         .FILL x3505
