(0000) 3000  0011000000000000 (  11)                 .ORIG x3000
(3000) E016  1110000000010110 (  12) RESTART         LEA   R0 PROMPT
(3001) F022  1111000000100010 (  13)                 TRAP  x22
(3002) F020  1111000000100000 (  14)                 TRAP  x20
(3003) 1620  0001011000100000 (  16)                 ADD   R3 R0 #0
(3004) 16F0  0001011011110000 (  17)                 ADD   R3 R3 #-16
(3005) 16F0  0001011011110000 (  18)                 ADD   R3 R3 #-16
(3006) 16F0  0001011011110000 (  19)                 ADD   R3 R3 #-16
(3007) E027  1110000000100111 (  21)                 LEA   R0 DAYS
(3008) 16E0  0001011011100000 (  22)                 ADD   R3 R3 #0
(3009) 020C  0000001000001100 (  24)                 BRP   INVALID
(300A) 56E0  0101011011100000 (  25)                 AND   R3 R3 #0
(300B) 5020  0101000000100000 (  26)                 AND   R0 R0 #0
(300C) 16E0  0001011011100000 (  27)                 ADD   R3 R3 #0
(300D) 0E00  0000111000000000 (  28)                 BRNZP LOOP
(300E) 0403  0000010000000011 (  30) LOOP            BRZ   DISPLAY
(300F) 102A  0001000000101010 (  31)                 ADD   R0 R0 #10
(3010) 16FF  0001011011111111 (  32)                 ADD   R3 R3 #-1
(3011) 0FFC  0000111111111100 (  33)                 BRNZP LOOP
(3012) F022  1111000000100010 (  35) DISPLAY         TRAP  x22
(3013) E061  1110000001100001 (  36)                 LEA   R0 NL
(3014) F022  1111000000100010 (  37)                 TRAP  x22
(3015) 0FEA  0000111111101010 (  38)                 BRNZP RESTART
(3016) F025  1111000000100101 (  40) INVALID         TRAP  x25
(3017) 0050  0000000001010000 (  42) PROMPT          .FILL x0050
(3018) 006C  0000000001101100 (  42)                 .FILL x006C
(3019) 0065  0000000001100101 (  42)                 .FILL x0065
(301A) 0061  0000000001100001 (  42)                 .FILL x0061
(301B) 0073  0000000001110011 (  42)                 .FILL x0073
(301C) 0065  0000000001100101 (  42)                 .FILL x0065
(301D) 0020  0000000000100000 (  42)                 .FILL x0020
(301E) 0065  0000000001100101 (  42)                 .FILL x0065
(301F) 006E  0000000001101110 (  42)                 .FILL x006E
(3020) 0074  0000000001110100 (  42)                 .FILL x0074
(3021) 0065  0000000001100101 (  42)                 .FILL x0065
(3022) 0072  0000000001110010 (  42)                 .FILL x0072
(3023) 0020  0000000000100000 (  42)                 .FILL x0020
(3024) 0061  0000000001100001 (  42)                 .FILL x0061
(3025) 0020  0000000000100000 (  42)                 .FILL x0020
(3026) 006E  0000000001101110 (  42)                 .FILL x006E
(3027) 0075  0000000001110101 (  42)                 .FILL x0075
(3028) 006D  0000000001101101 (  42)                 .FILL x006D
(3029) 0062  0000000001100010 (  42)                 .FILL x0062
(302A) 0065  0000000001100101 (  42)                 .FILL x0065
(302B) 0072  0000000001110010 (  42)                 .FILL x0072
(302C) 003A  0000000000111010 (  42)                 .FILL x003A
(302D) 0020  0000000000100000 (  42)                 .FILL x0020
(302E) 0000  0000000000000000 (  42)                 .FILL x0000
(302F) 0053  0000000001010011 (  43) DAYS            .FILL x0053
(3030) 0075  0000000001110101 (  43)                 .FILL x0075
(3031) 006E  0000000001101110 (  43)                 .FILL x006E
(3032) 0064  0000000001100100 (  43)                 .FILL x0064
(3033) 0061  0000000001100001 (  43)                 .FILL x0061
(3034) 0079  0000000001111001 (  43)                 .FILL x0079
(3035) 0020  0000000000100000 (  43)                 .FILL x0020
(3036) 0020  0000000000100000 (  43)                 .FILL x0020
(3037) 0020  0000000000100000 (  43)                 .FILL x0020
(3038) 0000  0000000000000000 (  43)                 .FILL x0000
(3039) 004D  0000000001001101 (  44)                 .FILL x004D
(303A) 006F  0000000001101111 (  44)                 .FILL x006F
(303B) 006E  0000000001101110 (  44)                 .FILL x006E
(303C) 0064  0000000001100100 (  44)                 .FILL x0064
(303D) 0061  0000000001100001 (  44)                 .FILL x0061
(303E) 0079  0000000001111001 (  44)                 .FILL x0079
(303F) 0020  0000000000100000 (  44)                 .FILL x0020
(3040) 0020  0000000000100000 (  44)                 .FILL x0020
(3041) 0020  0000000000100000 (  44)                 .FILL x0020
(3042) 0000  0000000000000000 (  44)                 .FILL x0000
(3043) 0054  0000000001010100 (  45)                 .FILL x0054
(3044) 0075  0000000001110101 (  45)                 .FILL x0075
(3045) 0065  0000000001100101 (  45)                 .FILL x0065
(3046) 0073  0000000001110011 (  45)                 .FILL x0073
(3047) 0064  0000000001100100 (  45)                 .FILL x0064
(3048) 0061  0000000001100001 (  45)                 .FILL x0061
(3049) 0079  0000000001111001 (  45)                 .FILL x0079
(304A) 0020  0000000000100000 (  45)                 .FILL x0020
(304B) 0020  0000000000100000 (  45)                 .FILL x0020
(304C) 0000  0000000000000000 (  45)                 .FILL x0000
(304D) 0057  0000000001010111 (  46)                 .FILL x0057
(304E) 0065  0000000001100101 (  46)                 .FILL x0065
(304F) 0064  0000000001100100 (  46)                 .FILL x0064
(3050) 006E  0000000001101110 (  46)                 .FILL x006E
(3051) 0065  0000000001100101 (  46)                 .FILL x0065
(3052) 0073  0000000001110011 (  46)                 .FILL x0073
(3053) 0064  0000000001100100 (  46)                 .FILL x0064
(3054) 0061  0000000001100001 (  46)                 .FILL x0061
(3055) 0079  0000000001111001 (  46)                 .FILL x0079
(3056) 0000  0000000000000000 (  46)                 .FILL x0000
(3057) 0054  0000000001010100 (  47)                 .FILL x0054
(3058) 0068  0000000001101000 (  47)                 .FILL x0068
(3059) 0075  0000000001110101 (  47)                 .FILL x0075
(305A) 0072  0000000001110010 (  47)                 .FILL x0072
(305B) 0073  0000000001110011 (  47)                 .FILL x0073
(305C) 0064  0000000001100100 (  47)                 .FILL x0064
(305D) 0061  0000000001100001 (  47)                 .FILL x0061
(305E) 0079  0000000001111001 (  47)                 .FILL x0079
(305F) 0020  0000000000100000 (  47)                 .FILL x0020
(3060) 0000  0000000000000000 (  47)                 .FILL x0000
(3061) 0046  0000000001000110 (  48)                 .FILL x0046
(3062) 0072  0000000001110010 (  48)                 .FILL x0072
(3063) 0069  0000000001101001 (  48)                 .FILL x0069
(3064) 0064  0000000001100100 (  48)                 .FILL x0064
(3065) 0061  0000000001100001 (  48)                 .FILL x0061
(3066) 0079  0000000001111001 (  48)                 .FILL x0079
(3067) 0020  0000000000100000 (  48)                 .FILL x0020
(3068) 0020  0000000000100000 (  48)                 .FILL x0020
(3069) 0020  0000000000100000 (  48)                 .FILL x0020
(306A) 0000  0000000000000000 (  48)                 .FILL x0000
(306B) 0053  0000000001010011 (  49)                 .FILL x0053
(306C) 0061  0000000001100001 (  49)                 .FILL x0061
(306D) 0074  0000000001110100 (  49)                 .FILL x0074
(306E) 0075  0000000001110101 (  49)                 .FILL x0075
(306F) 0072  0000000001110010 (  49)                 .FILL x0072
(3070) 0064  0000000001100100 (  49)                 .FILL x0064
(3071) 0061  0000000001100001 (  49)                 .FILL x0061
(3072) 0079  0000000001111001 (  49)                 .FILL x0079
(3073) 0020  0000000000100000 (  49)                 .FILL x0020
(3074) 0000  0000000000000000 (  49)                 .FILL x0000
(3075) 000A  0000000000001010 (  51) NL              .FILL x000A
