(0000) 3000  0011000000000000 (  12)                 .ORIG x3000
(3000) A21C  1010001000011100 (  13)                 LDI   R1 X
(3001) A41C  1010010000011100 (  14)                 LDI   R2 Y
(3002) 96BF  1001011010111111 (  17)                 NOT   R3 R2
(3003) 16E1  0001011011100001 (  18)                 ADD   R3 R3 #1
(3004) 1643  0001011001000011 (  19)                 ADD   R3 R1 R3
(3005) B619  1011011000011001 (  20)                 STI   R3 sub
(3006) 1860  0001100001100000 (  23)                 ADD   R4 R1 #0
(3007) 0602  0000011000000010 (  24)                 BRZP  abs1
(3008) 987F  1001100001111111 (  25)                 NOT   R4 R1
(3009) 1921  0001100100100001 (  26)                 ADD   R4 R4 #1
(300A) B815  1011100000010101 (  27) abs1            STI   R4 absX
(300B) 1AA0  0001101010100000 (  30)                 ADD   R5 R2 #0
(300C) 0602  0000011000000010 (  31)                 BRZP  abs2
(300D) 9B7F  1001101101111111 (  32)                 NOT   R5 R5
(300E) 1B61  0001101101100001 (  33)                 ADD   R5 R5 #1
(300F) BA11  1011101000010001 (  34) abs2            STI   R5 absY
(3010) 9B7F  1001101101111111 (  37)                 NOT   R5 R5
(3011) 1B61  0001101101100001 (  38)                 ADD   R5 R5 #1
(3012) 1D05  0001110100000101 (  39)                 ADD   R6 R4 R5
(3013) 0403  0000010000000011 (  40)                 BRZ   STORE
(3014) 5DA0  0101110110100000 (  41)                 AND   R6 R6 #0
(3015) 1DA2  0001110110100010 (  42)                 ADD   R6 R6 #2
(3016) 0204  0000001000000100 (  43)                 BRP   SETZ
(3017) 0403  0000010000000011 (  45) STORE           BRZ   SETZ
(3018) 5DA0  0101110110100000 (  46)                 AND   R6 R6 #0
(3019) 1DA1  0001110110100001 (  47)                 ADD   R6 R6 #1
(301A) 0200  0000001000000000 (  48)                 BRP   SETZ
(301B) BC06  1011110000000110 (  50) SETZ            STI   R6 Z
(301C) F025  1111000000100101 (  52)                 TRAP  x25
(301D) 3120  0011000100100000 (  53) X               .FILL x3120
(301E) 3121  0011000100100001 (  54) Y               .FILL x3121
(301F) 3122  0011000100100010 (  55) sub             .FILL x3122
(3020) 3123  0011000100100011 (  56) absX            .FILL x3123
(3021) 3124  0011000100100100 (  57) absY            .FILL x3124
(3022) 3125  0011000100100101 (  58) Z               .FILL x3125
