(0000) 3000  0011000000000000 (  17)                 .ORIG x3000
(3000) E0FF  1110000011111111 (  19)                 LEA   R0 x3100
(3001) 6000  0110000000000000 (  20)                 LDR   R0 R0 #0
(3002) 1260  0001001001100000 (  23)                 ADD   R1 R1 #0
(3003) 14A1  0001010010100001 (  24)                 ADD   R2 R2 #1
(3004) 16E0  0001011011100000 (  25)                 ADD   R3 R3 #0
(3005) 1920  0001100100100000 (  26)                 ADD   R4 R4 #0
(3006) 103E  0001000000111110 (  28)                 ADD   R0 R0 #-2
(3007) 0C09  0000110000001001 (  29)                 BRNZ  num
(3008) 9A3F  1001101000111111 (  31) Fib_n           NOT   R5 R0
(3009) 1B61  0001101101100001 (  32)                 ADD   R5 R5 #1
(300A) 1B44  0001101101000100 (  33)                 ADD   R5 R5 R4
(300B) 0405  0000010000000101 (  34)                 BRZ   num
(300C) 1642  0001011001000010 (  36)                 ADD   R3 R1 R2
(300D) 1921  0001100100100001 (  37)                 ADD   R4 R4 #1
(300E) 12A0  0001001010100000 (  38)                 ADD   R1 R2 #0
(300F) 14E0  0001010011100000 (  39)                 ADD   R2 R3 #0
(3010) 0FF7  0000111111110111 (  40)                 BRNZP Fib_n
(3011) B609  1011011000001001 (  42) num             STI   R3 Fn
(3012) 1642  0001011001000010 (  44) Num             ADD   R3 R1 R2
(3013) 0804  0000100000000100 (  45)                 BRN   Fib_N
(3014) 12A0  0001001010100000 (  47)                 ADD   R1 R2 #0
(3015) 14E0  0001010011100000 (  48)                 ADD   R2 R3 #0
(3016) 1921  0001100100100001 (  49)                 ADD   R4 R4 #1
(3017) 0FFA  0000111111111010 (  50)                 BRNZP Num
(3018) B803  1011100000000011 (  52) Fib_N           STI   R4 N
(3019) B403  1011010000000011 (  53)                 STI   R2 FN
(301A) F025  1111000000100101 (  55)                 TRAP  x25
(301B) 3101  0011000100000001 (  57) Fn              .FILL x3101
(301C) 3102  0011000100000010 (  58) N               .FILL x3102
(301D) 3103  0011000100000011 (  59) FN              .FILL x3103
